#
# A fatal error has been detected by the Java Runtime Environment:
#
#  EXCEPTION_ACCESS_VIOLATION (0xc0000005) at pc=0x0000000003048ef3, pid=9944, tid=8772
#
# JRE version: Java(TM) SE Runtime Environment (8.0_31-b13) (build 1.8.0_31-b13)
# Java VM: Java HotSpot(TM) 64-Bit Server VM (25.31-b07 mixed mode windows-amd64 compressed oops)
# Problematic frame:
# J 2047 C2 com.android.dex.Leb128.writeUnsignedLeb128(Lcom/android/dex/util/ByteOutput;I)V (46 bytes) @ 0x0000000003048ef3 [0x0000000003048d40+0x1b3]
#
# Failed to write core dump. Minidumps are not enabled by default on client versions of Windows
#
# If you would like to submit a bug report, please visit:
#   http://bugreport.java.com/bugreport/crash.jsp
#

---------------  T H R E A D  ---------------

Current thread (0x00000000027c0800):  JavaThread "main" [_thread_in_Java, id=8772, stack(0x0000000002650000,0x0000000002750000)]

siginfo: ExceptionCode=0xc0000005, reading address 0x0000000000000067

Registers:
RAX=0x000000000000001f, RBX=0x00000000eb651c60, RCX=0x00000000eb6b18a8, RDX=0x00000000eb651c60
RSP=0x000000000274ef60, RBP=0x000000000005502a, RSI=0x00000000eb651c60, RDI=0x0000000014d16878
R8 =0x0000000000062b6c, R9 =0x00000000eb651c30, R10=0x000000000005502a, R11=0x000000000006ef48
R12=0x0000000000000000, R13=0x0000000003098e1c, R14=0x000000000274f008, R15=0x00000000027c0800
RIP=0x0000000003048ef3, EFLAGS=0x0000000000010287

Top of Stack: (sp=0x000000000274ef60)
0x000000000274ef60:   000000000274f1a8 000000000304584c
0x000000000274ef70:   0000000000000000 000000000274f0f8
0x000000000274ef80:   000000000274efe0 0000000000000000
0x000000000274ef90:   000000000000001f 0000000000000000
0x000000000274efa0:   000000000274efa0 000000000000001f
0x000000000274efb0:   000000000274f008 0000000014c38058
0x000000000274efc0:   0000000014ca9768 0000000014c37d78
0x000000000274efd0:   0000000000000000 000000000274f010
0x000000000274efe0:   00000000eb651c60 0000000003045214
0x000000000274eff0:   0000000000000001 000000000000001f
0x000000000274f000:   000000000274f0f8 0000000003098ec4
0x000000000274f010:   000000000274f1a8 00000000030477cc
0x000000000274f020:   0000000000000001 0000000000000001
0x000000000274f030:   000000000274f0f8 000000000305451c
0x000000000274f040:   0000000000000000 0000000000026f98
0x000000000274f050:   00000000eb6484b0 00000000eb8a9e50 

Instructions: (pc=0x0000000003048ef3)
0x0000000003048ed3:   00 00 41 8b 69 24 41 03 ea 41 ff c2 45 89 51 18
0x0000000003048ee3:   44 8b 59 0c 41 3b eb 0f 83 dd 01 00 00 4c 63 d5
0x0000000003048ef3:   44 8b 5c 20 48 46 88 5c 11 10 e9 da fe ff ff 41
0x0000000003048f03:   81 fa 0e 38 01 20 0f 85 62 03 00 00 48 8b da 8b 


Register to memory mapping:

RAX=0x000000000000001f is an unknown value
RBX=0x00000000eb651c60 is an oop
com.android.dex.Dex$Section 
 - klass: 'com/android/dex/Dex$Section'
RCX=0x00000000eb6b18a8 is an oop
[B 
 - klass: {type array byte}
 - length: 454472
RDX=0x00000000eb651c60 is an oop
com.android.dex.Dex$Section 
 - klass: 'com/android/dex/Dex$Section'
RSP=0x000000000274ef60 is pointing into the stack for thread: 0x00000000027c0800
RBP=0x000000000005502a is an unknown value
RSI=0x00000000eb651c60 is an oop
com.android.dex.Dex$Section 
 - klass: 'com/android/dex/Dex$Section'
RDI=0x0000000014d16878 is pointing into metadata
R8 =0x0000000000062b6c is an unknown value
R9 =0x00000000eb651c30 is an oop
java.nio.HeapByteBuffer 
 - klass: 'java/nio/HeapByteBuffer'
R10=0x000000000005502a is an unknown value
R11=0x000000000006ef48 is an unknown value
R12=0x0000000000000000 is an unknown value
R13=0x0000000003098e1c is at entry_point+348 in (nmethod*)0x00000000030988d0
R14=0x000000000274f008 is pointing into the stack for thread: 0x00000000027c0800
R15=0x00000000027c0800 is a thread


Stack: [0x0000000002650000,0x0000000002750000],  sp=0x000000000274ef60,  free space=1019k
Native frames: (J=compiled Java code, j=interpreted, Vv=VM code, C=native code)
C  0x0000000003048ef3


---------------  P R O C E S S  ---------------

Java Threads: ( => current thread )
  0x000000001675e800 JavaThread "Service Thread" daemon [_thread_blocked, id=9240, stack(0x0000000016bf0000,0x0000000016cf0000)]
  0x00000000166f4000 JavaThread "C1 CompilerThread2" daemon [_thread_blocked, id=3736, stack(0x0000000016af0000,0x0000000016bf0000)]
  0x0000000014feb800 JavaThread "C2 CompilerThread1" daemon [_thread_blocked, id=7844, stack(0x00000000165f0000,0x00000000166f0000)]
  0x0000000014f9e800 JavaThread "C2 CompilerThread0" daemon [_thread_blocked, id=9108, stack(0x00000000164f0000,0x00000000165f0000)]
  0x0000000014f9d800 JavaThread "Attach Listener" daemon [_thread_blocked, id=204, stack(0x00000000163f0000,0x00000000164f0000)]
  0x0000000014f88800 JavaThread "Signal Dispatcher" daemon [_thread_blocked, id=9920, stack(0x00000000162f0000,0x00000000163f0000)]
  0x00000000028b5000 JavaThread "Finalizer" daemon [_thread_blocked, id=2572, stack(0x00000000161f0000,0x00000000162f0000)]
  0x00000000028ac000 JavaThread "Reference Handler" daemon [_thread_blocked, id=1392, stack(0x00000000160f0000,0x00000000161f0000)]
=>0x00000000027c0800 JavaThread "main" [_thread_in_Java, id=8772, stack(0x0000000002650000,0x0000000002750000)]

Other Threads:
  0x0000000014f55800 VMThread [stack: 0x0000000015ff0000,0x00000000160f0000] [id=9640]
  0x0000000016766800 WatcherThread [stack: 0x0000000016cf0000,0x0000000016df0000] [id=3400]

VM state:not at safepoint (normal execution)

VM Mutex/Monitor currently owned by a thread: None

Heap:
 PSYoungGen      total 66560K, used 19955K [0x00000000eab00000, 0x00000000ef100000, 0x0000000100000000)
  eden space 61440K, 24% used [0x00000000eab00000,0x00000000eb97ea80,0x00000000ee700000)
  from space 5120K, 99% used [0x00000000eec00000,0x00000000ef0fe400,0x00000000ef100000)
  to   space 5120K, 0% used [0x00000000ee700000,0x00000000ee700000,0x00000000eec00000)
 ParOldGen       total 81920K, used 6537K [0x00000000c0000000, 0x00000000c5000000, 0x00000000eab00000)
  object space 81920K, 7% used [0x00000000c0000000,0x00000000c0662500,0x00000000c5000000)
 Metaspace       used 7683K, capacity 8162K, committed 8320K, reserved 1056768K
  class space    used 750K, capacity 786K, committed 896K, reserved 1048576K

Card table byte_map: [0x0000000011c80000,0x0000000011e90000] byte_map_base: 0x0000000011680000

Marking Bits: (ParMarkBitMap*) 0x00000000605ad4f0
 Begin Bits: [0x00000000123f0000, 0x00000000133f0000)
 End Bits:   [0x00000000133f0000, 0x00000000143f0000)

Polling page: 0x00000000025f0000

CodeCache: size=245760Kb used=8070Kb max_used=8081Kb free=237689Kb
 bounds [0x00000000028c0000, 0x00000000030b0000, 0x00000000118c0000]
 total_blobs=2557 nmethods=2271 adapters=201
 compilation: enabled

Compilation events (10 events):
Event: 3.154 Thread 0x0000000014feb800 nmethod 2205 0x00000000030a8010 code [0x00000000030a8220, 0x00000000030a91b0]
Event: 3.155 Thread 0x0000000014feb800 2228       4       java.util.HashMap::put (13 bytes)
Event: 3.168 Thread 0x0000000014f9e800 nmethod 2240 0x00000000030a5fd0 code [0x00000000030a6140, 0x00000000030a66b8]
Event: 3.169 Thread 0x0000000014f9e800 2268       4       com.android.dex.EncodedValueCodec::readSignedInt (44 bytes)
Event: 3.171 Thread 0x0000000014feb800 nmethod 2228 0x00000000030a08d0 code [0x00000000030a0a80, 0x00000000030a11d0]
Event: 3.171 Thread 0x0000000014feb800 2218       4       com.android.dx.merge.IndexMap::adjustType (19 bytes)
Event: 3.172 Thread 0x0000000014feb800 nmethod 2218 0x00000000030a5d50 code [0x00000000030a5e80, 0x00000000030a5f18]
Event: 3.172 Thread 0x0000000014feb800 2284       4       com.android.dx.io.instructions.ShortArrayCodeOutput::write (16 bytes)
Event: 3.173 Thread 0x0000000014feb800 nmethod 2284 0x00000000030a5a90 code [0x00000000030a5bc0, 0x00000000030a5c78]
Event: 3.173 Thread 0x0000000014feb800 2267       4       com.android.dex.EncodedValueReader::checkType (43 bytes)

GC Heap History (4 events):
Event: 1.792 GC heap before
{Heap before GC invocations=1 (full 0):
 PSYoungGen      total 35840K, used 30720K [0x00000000eab00000, 0x00000000ed300000, 0x0000000100000000)
  eden space 30720K, 100% used [0x00000000eab00000,0x00000000ec900000,0x00000000ec900000)
  from space 5120K, 0% used [0x00000000ece00000,0x00000000ece00000,0x00000000ed300000)
  to   space 5120K, 0% used [0x00000000ec900000,0x00000000ec900000,0x00000000ece00000)
 ParOldGen       total 81920K, used 0K [0x00000000c0000000, 0x00000000c5000000, 0x00000000eab00000)
  object space 81920K, 0% used [0x00000000c0000000,0x00000000c0000000,0x00000000c5000000)
 Metaspace       used 5672K, capacity 6960K, committed 7040K, reserved 1056768K
  class space    used 553K, capacity 616K, committed 640K, reserved 1048576K
Event: 1.813 GC heap after
Heap after GC invocations=1 (full 0):
 PSYoungGen      total 35840K, used 5112K [0x00000000eab00000, 0x00000000ef100000, 0x0000000100000000)
  eden space 30720K, 0% used [0x00000000eab00000,0x00000000eab00000,0x00000000ec900000)
  from space 5120K, 99% used [0x00000000ec900000,0x00000000ecdfe038,0x00000000ece00000)
  to   space 5120K, 0% used [0x00000000eec00000,0x00000000eec00000,0x00000000ef100000)
 ParOldGen       total 81920K, used 1998K [0x00000000c0000000, 0x00000000c5000000, 0x00000000eab00000)
  object space 81920K, 2% used [0x00000000c0000000,0x00000000c01f3a20,0x00000000c5000000)
 Metaspace       used 5672K, capacity 6960K, committed 7040K, reserved 1056768K
  class space    used 553K, capacity 616K, committed 640K, reserved 1048576K
}
Event: 2.338 GC heap before
{Heap before GC invocations=2 (full 0):
 PSYoungGen      total 35840K, used 35832K [0x00000000eab00000, 0x00000000ef100000, 0x0000000100000000)
  eden space 30720K, 100% used [0x00000000eab00000,0x00000000ec900000,0x00000000ec900000)
  from space 5120K, 99% used [0x00000000ec900000,0x00000000ecdfe038,0x00000000ece00000)
  to   space 5120K, 0% used [0x00000000eec00000,0x00000000eec00000,0x00000000ef100000)
 ParOldGen       total 81920K, used 1998K [0x00000000c0000000, 0x00000000c5000000, 0x00000000eab00000)
  object space 81920K, 2% used [0x00000000c0000000,0x00000000c01f3a20,0x00000000c5000000)
 Metaspace       used 5785K, capacity 7024K, committed 7296K, reserved 1056768K
  class space    used 555K, capacity 616K, committed 640K, reserved 1048576K
Event: 2.372 GC heap after
Heap after GC invocations=2 (full 0):
 PSYoungGen      total 66560K, used 5113K [0x00000000eab00000, 0x00000000ef100000, 0x0000000100000000)
  eden space 61440K, 0% used [0x00000000eab00000,0x00000000eab00000,0x00000000ee700000)
  from space 5120K, 99% used [0x00000000eec00000,0x00000000ef0fe400,0x00000000ef100000)
  to   space 5120K, 0% used [0x00000000ee700000,0x00000000ee700000,0x00000000eec00000)
 ParOldGen       total 81920K, used 6537K [0x00000000c0000000, 0x00000000c5000000, 0x00000000eab00000)
  object space 81920K, 7% used [0x00000000c0000000,0x00000000c0662500,0x00000000c5000000)
 Metaspace       used 5785K, capacity 7024K, committed 7296K, reserved 1056768K
  class space    used 555K, capacity 616K, committed 640K, reserved 1048576K
}

Deoptimization events (10 events):
Event: 2.857 Thread 0x00000000027c0800 Uncommon trap: reason=class_check action=maybe_recompile pc=0x0000000002f6e63c method=com.android.dex.Leb128.writeUnsignedLeb128(Lcom/android/dex/util/ByteOutput;I)V @ 40
Event: 2.857 Thread 0x00000000027c0800 Uncommon trap: reason=class_check action=maybe_recompile pc=0x0000000002f6e63c method=com.android.dex.Leb128.writeUnsignedLeb128(Lcom/android/dex/util/ByteOutput;I)V @ 40
Event: 2.857 Thread 0x00000000027c0800 Uncommon trap: reason=class_check action=maybe_recompile pc=0x0000000002f6e63c method=com.android.dex.Leb128.writeUnsignedLeb128(Lcom/android/dex/util/ByteOutput;I)V @ 40
Event: 2.927 Thread 0x00000000027c0800 Uncommon trap: reason=unreached action=reinterpret pc=0x0000000002ef7240 method=java.util.HashMap.resize()[Ljava/util/HashMap$Node; @ 206
Event: 2.942 Thread 0x00000000027c0800 Uncommon trap: reason=predicate action=maybe_recompile pc=0x0000000002fd7abc method=com.android.dex.Leb128.writeUnsignedLeb128(Lcom/android/dex/util/ByteOutput;I)V @ 9
Event: 3.075 Thread 0x00000000027c0800 Uncommon trap: reason=class_check action=maybe_recompile pc=0x0000000002d15e1c method=java.util.ArrayList.<init>(Ljava/util/Collection;)V @ 6
Event: 3.077 Thread 0x00000000027c0800 Uncommon trap: reason=unreached action=reinterpret pc=0x000000000302c2d0 method=sun.misc.URLClassPath$JarLoader.getResource(Ljava/lang/String;Z)Lsun/misc/Resource; @ 47
Event: 3.089 Thread 0x00000000027c0800 Uncommon trap: reason=class_check action=maybe_recompile pc=0x0000000002d15e1c method=java.util.ArrayList.<init>(Ljava/util/Collection;)V @ 6
Event: 3.127 Thread 0x00000000027c0800 Uncommon trap: reason=predicate action=maybe_recompile pc=0x00000000030440e8 method=com.android.dex.Leb128.readUnsignedLeb128(Lcom/android/dex/util/ByteInput;)I @ 41
Event: 3.134 Thread 0x00000000027c0800 Uncommon trap: reason=unreached action=reinterpret pc=0x0000000002fb370c method=java.util.HashMap.putVal(ILjava/lang/Object;Ljava/lang/Object;ZZ)Ljava/lang/Object; @ 109

Internal exceptions (10 events):
Event: 3.080 Thread 0x00000000027c0800 Exception <a 'java/security/PrivilegedActionException'> (0x00000000eb5eb0e0) thrown at [C:\workspace\8-2-build-windows-amd64-cygwin\jdk8u31\2394\hotspot\src\share\vm\prims\jvm.cpp, line 1312]
Event: 3.081 Thread 0x00000000027c0800 Exception <a 'java/security/PrivilegedActionException'> (0x00000000eb5ed018) thrown at [C:\workspace\8-2-build-windows-amd64-cygwin\jdk8u31\2394\hotspot\src\share\vm\prims\jvm.cpp, line 1312]
Event: 3.081 Thread 0x00000000027c0800 Exception <a 'java/security/PrivilegedActionException'> (0x00000000eb5ed938) thrown at [C:\workspace\8-2-build-windows-amd64-cygwin\jdk8u31\2394\hotspot\src\share\vm\prims\jvm.cpp, line 1312]
Event: 3.091 Thread 0x00000000027c0800 Exception <a 'java/security/PrivilegedActionException'> (0x00000000eb5fffe8) thrown at [C:\workspace\8-2-build-windows-amd64-cygwin\jdk8u31\2394\hotspot\src\share\vm\prims\jvm.cpp, line 1312]
Event: 3.091 Thread 0x00000000027c0800 Exception <a 'java/security/PrivilegedActionException'> (0x00000000eb6008c8) thrown at [C:\workspace\8-2-build-windows-amd64-cygwin\jdk8u31\2394\hotspot\src\share\vm\prims\jvm.cpp, line 1312]
Event: 3.093 Thread 0x00000000027c0800 Exception <a 'java/security/PrivilegedActionException'> (0x00000000eb609e98) thrown at [C:\workspace\8-2-build-windows-amd64-cygwin\jdk8u31\2394\hotspot\src\share\vm\prims\jvm.cpp, line 1312]
Event: 3.093 Thread 0x00000000027c0800 Exception <a 'java/security/PrivilegedActionException'> (0x00000000eb60a7b8) thrown at [C:\workspace\8-2-build-windows-amd64-cygwin\jdk8u31\2394\hotspot\src\share\vm\prims\jvm.cpp, line 1312]
Event: 3.093 Thread 0x00000000027c0800 Exception <a 'java/security/PrivilegedActionException'> (0x00000000eb60c080) thrown at [C:\workspace\8-2-build-windows-amd64-cygwin\jdk8u31\2394\hotspot\src\share\vm\prims\jvm.cpp, line 1312]
Event: 3.093 Thread 0x00000000027c0800 Exception <a 'java/security/PrivilegedActionException'> (0x00000000eb60c9b0) thrown at [C:\workspace\8-2-build-windows-amd64-cygwin\jdk8u31\2394\hotspot\src\share\vm\prims\jvm.cpp, line 1312]
Event: 3.147 Thread 0x00000000027c0800 Implicit null exception at 0x0000000003048ef3 to 0x0000000000000000

Events (10 events):
Event: 3.099 loading class sun/misc/FormattedFloatingDecimal$1
Event: 3.099 loading class sun/misc/FormattedFloatingDecimal$1 done
Event: 3.099 loading class sun/misc/FormattedFloatingDecimal$2
Event: 3.099 loading class sun/misc/FormattedFloatingDecimal$2 done
Event: 3.127 Thread 0x00000000027c0800 Uncommon trap: trap_request=0xffffff86 fr.pc=0x00000000030440e8
Event: 3.127 Thread 0x00000000027c0800 DEOPT PACKING pc=0x00000000030440e8 sp=0x000000000274ef70
Event: 3.127 Thread 0x00000000027c0800 DEOPT UNPACKING pc=0x000000000290556a sp=0x000000000274ef18 mode 2
Event: 3.134 Thread 0x00000000027c0800 Uncommon trap: trap_request=0xffffffad fr.pc=0x0000000002fb370c
Event: 3.134 Thread 0x00000000027c0800 DEOPT PACKING pc=0x0000000002fb370c sp=0x000000000274f0c0
Event: 3.134 Thread 0x00000000027c0800 DEOPT UNPACKING pc=0x000000000290556a sp=0x000000000274f040 mode 2


Dynamic libraries:
0x00007ff697110000 - 0x00007ff697144000 	D:\DevlopmentInstall\jdk1.8\bin\java.exe
0x00007ffb9e870000 - 0x00007ffb9ea31000 	C:\WINDOWS\SYSTEM32\ntdll.dll
0x00007ffb9c0f0000 - 0x00007ffb9c19d000 	C:\WINDOWS\system32\KERNEL32.DLL
0x00007ffb9bb70000 - 0x00007ffb9bd4d000 	C:\WINDOWS\system32\KERNELBASE.dll
0x00007ffb9ca10000 - 0x00007ffb9cab6000 	C:\WINDOWS\system32\ADVAPI32.dll
0x00007ffb9cc20000 - 0x00007ffb9ccbd000 	C:\WINDOWS\system32\msvcrt.dll
0x00007ffb9c9b0000 - 0x00007ffb9ca0b000 	C:\WINDOWS\system32\sechost.dll
0x00007ffb9e740000 - 0x00007ffb9e866000 	C:\WINDOWS\system32\RPCRT4.dll
0x00007ffb9e3c0000 - 0x00007ffb9e50e000 	C:\WINDOWS\system32\USER32.dll
0x00007ffb9c4a0000 - 0x00007ffb9c626000 	C:\WINDOWS\system32\GDI32.dll
0x00007ffb8b4e0000 - 0x00007ffb8b754000 	C:\WINDOWS\WinSxS\amd64_microsoft.windows.common-controls_6595b64144ccf1df_6.0.10240.16384_none_f41f7b285750ef43\COMCTL32.dll
0x00007ffb9c970000 - 0x00007ffb9c9a6000 	C:\WINDOWS\system32\IMM32.DLL
0x00007ffb9cac0000 - 0x00007ffb9cc1c000 	C:\WINDOWS\system32\MSCTF.dll
0x000000005f6b0000 - 0x000000005f782000 	D:\DevlopmentInstall\jdk1.8\jre\bin\msvcr100.dll
0x000000005fdd0000 - 0x000000006062a000 	D:\DevlopmentInstall\jdk1.8\jre\bin\server\jvm.dll
0x00007ffb9e340000 - 0x00007ffb9e348000 	C:\WINDOWS\system32\PSAPI.DLL
0x00007ffb998d0000 - 0x00007ffb998f3000 	C:\WINDOWS\SYSTEM32\WINMM.dll
0x00007ffb90a70000 - 0x00007ffb90a79000 	C:\WINDOWS\SYSTEM32\WSOCK32.dll
0x00007ffb9c900000 - 0x00007ffb9c969000 	C:\WINDOWS\system32\ws2_32.DLL
0x00007ffb9e350000 - 0x00007ffb9e358000 	C:\WINDOWS\system32\NSI.dll
0x0000000002620000 - 0x000000000264c000 	C:\WINDOWS\SYSTEM32\WINMMBASE.dll
0x00007ffb9ba10000 - 0x00007ffb9ba54000 	C:\WINDOWS\system32\cfgmgr32.dll
0x00007ffb99bf0000 - 0x00007ffb99c17000 	C:\WINDOWS\SYSTEM32\DEVOBJ.dll
0x00000000608b0000 - 0x00000000608bf000 	D:\DevlopmentInstall\jdk1.8\jre\bin\verify.dll
0x0000000060880000 - 0x00000000608a8000 	D:\DevlopmentInstall\jdk1.8\jre\bin\java.dll
0x0000000060860000 - 0x0000000060876000 	D:\DevlopmentInstall\jdk1.8\jre\bin\zip.dll
0x00007ffb9ccc0000 - 0x00007ffb9e1e2000 	C:\WINDOWS\system32\SHELL32.dll
0x00007ffb9b3e0000 - 0x00007ffb9ba08000 	C:\WINDOWS\system32\windows.storage.dll
0x00007ffb9c1a0000 - 0x00007ffb9c41c000 	C:\WINDOWS\system32\combase.dll
0x00007ffb9e620000 - 0x00007ffb9e671000 	C:\WINDOWS\system32\shlwapi.dll
0x00007ffb9b2f0000 - 0x00007ffb9b2ff000 	C:\WINDOWS\system32\kernel.appcore.dll
0x00007ffb9b320000 - 0x00007ffb9b3d3000 	C:\WINDOWS\system32\shcore.dll
0x00007ffb9b2a0000 - 0x00007ffb9b2ea000 	C:\WINDOWS\system32\powrprof.dll
0x00007ffb9b280000 - 0x00007ffb9b293000 	C:\WINDOWS\system32\profapi.dll
0x00007ffb871e0000 - 0x00007ffb8736a000 	C:\WINDOWS\SYSTEM32\dbghelp.dll

VM Arguments:
jvm_args: -Xmx1024M -Dfile.encoding=GBK -Duser.country=CN -Duser.language=zh -Duser.variant 
java_command: com.android.dx.command.Main --dex --output D:\workspace\AndroidStudio\Shudu\somusic\build\intermediates\dex\debug D:\workspace\AndroidStudio\Shudu\somusic\build\intermediates\classes\debug D:\workspace\AndroidStudio\Shudu\somusic\build\intermediates\pre-dexed\debug\support-annotations-21.0.3-0f39ec9336852d2bf1b8628fd491252dc1ab37f0.jar D:\workspace\AndroidStudio\Shudu\somusic\build\intermediates\pre-dexed\debug\internal_impl-21.0.3-d8332ad0da4b8a3d1538c340a6f40f486a391485.jar D:\workspace\AndroidStudio\Shudu\somusic\build\intermediates\pre-dexed\debug\classes-f7d32e7f4e26defd8ea3fd36bc2e9e8cdb8a2248.jar D:\workspace\AndroidStudio\Shudu\somusic\build\intermediates\pre-dexed\debug\classes-49e400e3185bc0ac1520db5c89b1c0c5321e1079.jar
java_class_path (initial): D:\DevlopmentInstall\AndroidSDK\build-tools\21.1.1\lib\dx.jar
Launcher Type: SUN_STANDARD

Environment Variables:
JAVA_HOME=D:\DevlopmentInstall\jdk1.8\
PATH=C:\ProgramData\Oracle\Java\javapath;C:\WINDOWS\system32;C:\WINDOWS;C:\WINDOWS\System32\Wbem;C:\WINDOWS\System32\WindowsPowerShell\v1.0\;D:\DevlopmentInstall\mysql5.6\bin;D:\DevlopmentInstall\jdk1.8\bin;C:\Program Files (x86)\Windows Kits\8.1\Windows Performance Toolkit\;C:\Program Files\Microsoft SQL Server\110\Tools\Binn\;D:\DevlopmentInstall\AndroidSDK\platform-tools;C:\Program Files (x86)\ATI Technologies\ATI.ACE\Core-Static;D:\masm32\bin
USERNAME=Administrator
OS=Windows_NT
PROCESSOR_IDENTIFIER=AMD64 Family 18 Model 1 Stepping 0, AuthenticAMD



---------------  S Y S T E M  ---------------

OS: Windows 8.1 , 64 bit Build 9600 

CPU:total 4 (4 cores per cpu, 1 threads per core) family 18 model 1 stepping 0, cmov, cx8, fxsr, mmx, sse, sse2, sse3, popcnt, mmxext, 3dnowpref, lzcnt, sse4a, tsc, tscinvbit, tscinv

Memory: 4k page, physical 7840348k(2964356k free), swap 8364636k(1551652k free)

vm_info: Java HotSpot(TM) 64-Bit Server VM (25.31-b07) for windows-amd64 JRE (1.8.0_31-b13), built on Dec 17 2014 21:00:28 by "java_re" with MS VC++ 10.0 (VS2010)

time: Sun Oct 18 15:45:05 2015
elapsed time: 3 seconds (0d 0h 0m 3s)

