#
# A fatal error has been detected by the Java Runtime Environment:
#
#  Internal Error (javaCalls.cpp:53), pid=8104, tid=4980
#  guarantee(!thread->is_Compiler_thread()) failed: cannot make java calls from the compiler
#
# JRE version: Java(TM) SE Runtime Environment (8.0_31-b13) (build 1.8.0_31-b13)
# Java VM: Java HotSpot(TM) 64-Bit Server VM (25.31-b07 mixed mode windows-amd64 compressed oops)
# Failed to write core dump. Minidumps are not enabled by default on client versions of Windows
#
# If you would like to submit a bug report, please visit:
#   http://bugreport.java.com/bugreport/crash.jsp
#

---------------  T H R E A D  ---------------

Current thread (0x00000000163a4000):  JavaThread "C1 CompilerThread2" daemon [_thread_in_vm, id=4980, stack(0x00000000168a0000,0x00000000169a0000)]

Stack: [0x00000000168a0000,0x00000000169a0000]
Native frames: (J=compiled Java code, j=interpreted, Vv=VM code, C=native code)
V  [jvm.dll+0x3169ba]
V  [jvm.dll+0x2674c3]
V  [jvm.dll+0x268103]
V  [jvm.dll+0x25f807]
V  [jvm.dll+0x1fb729]
V  [jvm.dll+0x1fc09f]
V  [jvm.dll+0x316822]
V  [jvm.dll+0x1fcaf1]
V  [jvm.dll+0x26062d]
V  [jvm.dll+0x2606c1]
V  [jvm.dll+0x260915]
V  [jvm.dll+0x260969]
V  [jvm.dll+0xedde8]
V  [jvm.dll+0xee4ae]
V  [jvm.dll+0xf15e7]
V  [jvm.dll+0xf2c2f]
V  [jvm.dll+0xf3475]
V  [jvm.dll+0xf36c2]
V  [jvm.dll+0x3128f]
V  [jvm.dll+0x3feaed]
V  [jvm.dll+0x3ff538]
V  [jvm.dll+0x3fb24f]
V  [jvm.dll+0x3fdc37]
V  [jvm.dll+0x3fe52d]
V  [jvm.dll+0x3fe922]
V  [jvm.dll+0x4039e5]
V  [jvm.dll+0x403af0]
V  [jvm.dll+0x3eda58]
V  [jvm.dll+0x3edcc1]
V  [jvm.dll+0x3ede82]
V  [jvm.dll+0x3ee04e]
V  [jvm.dll+0x3ee24f]
V  [jvm.dll+0x988e2]
V  [jvm.dll+0x990d3]
V  [jvm.dll+0x22c194]
V  [jvm.dll+0x28576a]
C  [msvcr100.dll+0x21d9f]
C  [msvcr100.dll+0x21e3b]
C  [KERNEL32.DLL+0x12d92]
C  [ntdll.dll+0x9f64]


Current CompileTask:
C1:    903  230       3       java.util.zip.ZipFile$ZipFileInflaterInputStream::fill (80 bytes)


---------------  P R O C E S S  ---------------

Java Threads: ( => current thread )
  0x000000001640f000 JavaThread "Service Thread" daemon [_thread_blocked, id=1956, stack(0x00000000169a0000,0x0000000016aa0000)]
=>0x00000000163a4000 JavaThread "C1 CompilerThread2" daemon [_thread_in_vm, id=4980, stack(0x00000000168a0000,0x00000000169a0000)]
  0x00000000163a1000 JavaThread "C2 CompilerThread1" daemon [_thread_blocked, id=5608, stack(0x00000000167a0000,0x00000000168a0000)]
  0x0000000014d60000 JavaThread "C2 CompilerThread0" daemon [_thread_blocked, id=2400, stack(0x00000000162a0000,0x00000000163a0000)]
  0x0000000014d5e000 JavaThread "Attach Listener" daemon [_thread_blocked, id=9192, stack(0x00000000161a0000,0x00000000162a0000)]
  0x0000000014d49800 JavaThread "Signal Dispatcher" daemon [_thread_blocked, id=9884, stack(0x00000000160a0000,0x00000000161a0000)]
  0x0000000002675800 JavaThread "Finalizer" daemon [_thread_blocked, id=6288, stack(0x0000000015fa0000,0x00000000160a0000)]
  0x000000000266c800 JavaThread "Reference Handler" daemon [_thread_blocked, id=340, stack(0x0000000015ea0000,0x0000000015fa0000)]
  0x0000000002580800 JavaThread "main" [_thread_in_Java, id=9264, stack(0x0000000002430000,0x0000000002530000)]

Other Threads:
  0x0000000014d15800 VMThread [stack: 0x0000000015da0000,0x0000000015ea0000] [id=10116]
  0x0000000016413800 WatcherThread [stack: 0x0000000016aa0000,0x0000000016ba0000] [id=2108]

VM state:not at safepoint (normal execution)

VM Mutex/Monitor currently owned by a thread: None

Heap:
 PSYoungGen      total 35840K, used 8025K [0x00000000eab00000, 0x00000000ed300000, 0x0000000100000000)
  eden space 30720K, 26% used [0x00000000eab00000,0x00000000eb2d6598,0x00000000ec900000)
  from space 5120K, 0% used [0x00000000ece00000,0x00000000ece00000,0x00000000ed300000)
  to   space 5120K, 0% used [0x00000000ec900000,0x00000000ec900000,0x00000000ece00000)
 ParOldGen       total 81920K, used 0K [0x00000000c0000000, 0x00000000c5000000, 0x00000000eab00000)
  object space 81920K, 0% used [0x00000000c0000000,0x00000000c0000000,0x00000000c5000000)
 Metaspace       used 4755K, capacity 6160K, committed 6272K, reserved 1056768K
  class space    used 527K, capacity 584K, committed 640K, reserved 1048576K

Card table byte_map: [0x0000000011a40000,0x0000000011c50000] byte_map_base: 0x0000000011440000

Marking Bits: (ParMarkBitMap*) 0x000000006772d4f0
 Begin Bits: [0x00000000121b0000, 0x00000000131b0000)
 End Bits:   [0x00000000131b0000, 0x00000000141b0000)

Polling page: 0x0000000000990000

CodeCache: size=245760Kb used=1504Kb max_used=1516Kb free=244255Kb
 bounds [0x0000000002680000, 0x00000000028f0000, 0x0000000011680000]
 total_blobs=491 nmethods=232 adapters=174
 compilation: enabled

Compilation events (10 events):
Event: 0.739 Thread 0x00000000163a4000 nmethod 225 0x00000000027f4750 code [0x00000000027f48a0, 0x00000000027f49b0]
Event: 0.749 Thread 0x00000000163a4000  226       3       java.lang.ref.WeakReference::<init> (7 bytes)
Event: 0.749 Thread 0x00000000163a4000 nmethod 226 0x00000000027f4a10 code [0x00000000027f4b80, 0x00000000027f4e30]
Event: 0.751 Thread 0x00000000163a4000  227       3       java.io.FilterInputStream::<init> (10 bytes)
Event: 0.752 Thread 0x00000000163a4000 nmethod 227 0x00000000027f4f10 code [0x00000000027f5080, 0x00000000027f52d0]
Event: 0.754 Thread 0x00000000163a4000  228       3       java.util.WeakHashMap::put (162 bytes)
Event: 0.756 Thread 0x00000000163a4000 nmethod 228 0x00000000027f55d0 code [0x00000000027f5800, 0x00000000027f6698]
Event: 0.756 Thread 0x00000000163a4000  229       3       java.util.WeakHashMap$Entry::<init> (24 bytes)
Event: 0.757 Thread 0x00000000163a4000 nmethod 229 0x00000000027f6d50 code [0x00000000027f6ec0, 0x00000000027f71f0]
Event: 0.757 Thread 0x00000000163a4000  230       3       java.util.zip.ZipFile$ZipFileInflaterInputStream::fill (80 bytes)

GC Heap History (0 events):
No events

Deoptimization events (0 events):
No events

Internal exceptions (10 events):
Event: 0.719 Thread 0x0000000002580800 Exception <a 'java/security/PrivilegedActionException'> (0x00000000eb172d80) thrown at [C:\workspace\8-2-build-windows-amd64-cygwin\jdk8u31\2394\hotspot\src\share\vm\prims\jvm.cpp, line 1312]
Event: 0.728 Thread 0x0000000002580800 Exception <a 'java/security/PrivilegedActionException'> (0x00000000eb175ee8) thrown at [C:\workspace\8-2-build-windows-amd64-cygwin\jdk8u31\2394\hotspot\src\share\vm\prims\jvm.cpp, line 1312]
Event: 0.730 Thread 0x0000000002580800 Exception <a 'java/security/PrivilegedActionException'> (0x00000000eb17ba78) thrown at [C:\workspace\8-2-build-windows-amd64-cygwin\jdk8u31\2394\hotspot\src\share\vm\prims\jvm.cpp, line 1312]
Event: 0.737 Thread 0x0000000002580800 Exception <a 'java/security/PrivilegedActionException'> (0x00000000eb17f5d8) thrown at [C:\workspace\8-2-build-windows-amd64-cygwin\jdk8u31\2394\hotspot\src\share\vm\prims\jvm.cpp, line 1312]
Event: 0.739 Thread 0x0000000002580800 Exception <a 'java/security/PrivilegedActionException'> (0x00000000eb182660) thrown at [C:\workspace\8-2-build-windows-amd64-cygwin\jdk8u31\2394\hotspot\src\share\vm\prims\jvm.cpp, line 1312]
Event: 0.747 Thread 0x0000000002580800 Exception <a 'java/security/PrivilegedActionException'> (0x00000000eb18bdd0) thrown at [C:\workspace\8-2-build-windows-amd64-cygwin\jdk8u31\2394\hotspot\src\share\vm\prims\jvm.cpp, line 1312]
Event: 0.751 Thread 0x0000000002580800 Exception <a 'java/security/PrivilegedActionException'> (0x00000000eb18ee50) thrown at [C:\workspace\8-2-build-windows-amd64-cygwin\jdk8u31\2394\hotspot\src\share\vm\prims\jvm.cpp, line 1312]
Event: 0.754 Thread 0x0000000002580800 Exception <a 'java/security/PrivilegedActionException'> (0x00000000eb1924e8) thrown at [C:\workspace\8-2-build-windows-amd64-cygwin\jdk8u31\2394\hotspot\src\share\vm\prims\jvm.cpp, line 1312]
Event: 0.755 Thread 0x0000000002580800 Exception <a 'java/security/PrivilegedActionException'> (0x00000000eb197718) thrown at [C:\workspace\8-2-build-windows-amd64-cygwin\jdk8u31\2394\hotspot\src\share\vm\prims\jvm.cpp, line 1312]
Event: 0.756 Thread 0x0000000002580800 Exception <a 'java/security/PrivilegedActionException'> (0x00000000eb1a19c0) thrown at [C:\workspace\8-2-build-windows-amd64-cygwin\jdk8u31\2394\hotspot\src\share\vm\prims\jvm.cpp, line 1312]

Events (10 events):
Event: 0.752 loading class sun/security/action/GetBooleanAction
Event: 0.753 loading class sun/security/action/GetBooleanAction done
Event: 0.753 loading class java/util/TimSort
Event: 0.753 loading class java/util/TimSort done
Event: 0.754 loading class com/android/dx/ssa/PhiTypeResolver
Event: 0.754 loading class com/android/dx/ssa/PhiTypeResolver done
Event: 0.755 loading class com/android/dx/ssa/back/SsaToRop
Event: 0.755 loading class com/android/dx/ssa/back/SsaToRop done
Event: 0.756 loading class com/android/dx/ssa/back/RegisterAllocator
Event: 0.756 loading class com/android/dx/ssa/back/RegisterAllocator done


Dynamic libraries:
0x00007ff645680000 - 0x00007ff6456b4000 	D:\DevlopmentInstall\jdk1.8\bin\java.exe
0x00007ffe79e60000 - 0x00007ffe7a021000 	C:\WINDOWS\SYSTEM32\ntdll.dll
0x00007ffe78fd0000 - 0x00007ffe7907d000 	C:\WINDOWS\system32\KERNEL32.DLL
0x00007ffe76ae0000 - 0x00007ffe76cbd000 	C:\WINDOWS\system32\KERNELBASE.dll
0x00007ffe77510000 - 0x00007ffe775b6000 	C:\WINDOWS\system32\ADVAPI32.dll
0x00007ffe79080000 - 0x00007ffe7911d000 	C:\WINDOWS\system32\msvcrt.dll
0x00007ffe79af0000 - 0x00007ffe79b4b000 	C:\WINDOWS\system32\sechost.dll
0x00007ffe799c0000 - 0x00007ffe79ae6000 	C:\WINDOWS\system32\RPCRT4.dll
0x00007ffe79700000 - 0x00007ffe7984e000 	C:\WINDOWS\system32\USER32.dll
0x00007ffe78e20000 - 0x00007ffe78fa6000 	C:\WINDOWS\system32\GDI32.dll
0x00007ffe69bc0000 - 0x00007ffe69e34000 	C:\WINDOWS\WinSxS\amd64_microsoft.windows.common-controls_6595b64144ccf1df_6.0.10240.16384_none_f41f7b285750ef43\COMCTL32.dll
0x00007ffe79120000 - 0x00007ffe79156000 	C:\WINDOWS\system32\IMM32.DLL
0x00007ffe79160000 - 0x00007ffe792bc000 	C:\WINDOWS\system32\MSCTF.dll
0x0000000066c20000 - 0x0000000066cf2000 	D:\DevlopmentInstall\jdk1.8\jre\bin\msvcr100.dll
0x0000000066f50000 - 0x00000000677aa000 	D:\DevlopmentInstall\jdk1.8\jre\bin\server\jvm.dll
0x00007ffe796f0000 - 0x00007ffe796f8000 	C:\WINDOWS\system32\PSAPI.DLL
0x00007ffe74b70000 - 0x00007ffe74b93000 	C:\WINDOWS\SYSTEM32\WINMM.dll
0x00007ffe6c140000 - 0x00007ffe6c149000 	C:\WINDOWS\SYSTEM32\WSOCK32.dll
0x00007ffe798b0000 - 0x00007ffe79919000 	C:\WINDOWS\system32\WS2_32.dll
0x00007ffe78fb0000 - 0x00007ffe78fb8000 	C:\WINDOWS\system32\NSI.dll
0x00007ffe74b10000 - 0x00007ffe74b3c000 	C:\WINDOWS\SYSTEM32\WINMMBASE.dll
0x00007ffe772f0000 - 0x00007ffe77334000 	C:\WINDOWS\system32\cfgmgr32.dll
0x00007ffe751e0000 - 0x00007ffe75207000 	C:\WINDOWS\SYSTEM32\DEVOBJ.dll
0x00000000680b0000 - 0x00000000680bf000 	D:\DevlopmentInstall\jdk1.8\jre\bin\verify.dll
0x0000000068080000 - 0x00000000680a8000 	D:\DevlopmentInstall\jdk1.8\jre\bin\java.dll
0x0000000068060000 - 0x0000000068076000 	D:\DevlopmentInstall\jdk1.8\jre\bin\zip.dll
0x00007ffe778f0000 - 0x00007ffe78e12000 	C:\WINDOWS\system32\SHELL32.dll
0x00007ffe76cc0000 - 0x00007ffe772e8000 	C:\WINDOWS\system32\windows.storage.dll
0x00007ffe792c0000 - 0x00007ffe7953c000 	C:\WINDOWS\system32\combase.dll
0x00007ffe79850000 - 0x00007ffe798a1000 	C:\WINDOWS\system32\shlwapi.dll
0x00007ffe76900000 - 0x00007ffe7690f000 	C:\WINDOWS\system32\kernel.appcore.dll
0x00007ffe773a0000 - 0x00007ffe77453000 	C:\WINDOWS\system32\shcore.dll
0x00007ffe76890000 - 0x00007ffe768da000 	C:\WINDOWS\system32\powrprof.dll
0x00007ffe76870000 - 0x00007ffe76883000 	C:\WINDOWS\system32\profapi.dll
0x00007ffe60b60000 - 0x00007ffe60cea000 	C:\WINDOWS\SYSTEM32\dbghelp.dll

VM Arguments:
jvm_args: -Xmx1024M -Dfile.encoding=GBK -Duser.country=CN -Duser.language=zh -Duser.variant 
java_command: com.android.dx.command.Main --dex --output D:\workspace\AndroidStudio\Shudu\somusic\build\intermediates\dex\debug D:\workspace\AndroidStudio\Shudu\somusic\build\intermediates\classes\debug D:\workspace\AndroidStudio\Shudu\somusic\build\intermediates\pre-dexed\debug\support-annotations-21.0.3-0f39ec9336852d2bf1b8628fd491252dc1ab37f0.jar D:\workspace\AndroidStudio\Shudu\somusic\build\intermediates\pre-dexed\debug\internal_impl-21.0.3-d8332ad0da4b8a3d1538c340a6f40f486a391485.jar D:\workspace\AndroidStudio\Shudu\somusic\build\intermediates\pre-dexed\debug\classes-f7d32e7f4e26defd8ea3fd36bc2e9e8cdb8a2248.jar D:\workspace\AndroidStudio\Shudu\somusic\build\intermediates\pre-dexed\debug\classes-49e400e3185bc0ac1520db5c89b1c0c5321e1079.jar
java_class_path (initial): D:\DevlopmentInstall\AndroidSDK\build-tools\21.1.2\lib\dx.jar
Launcher Type: SUN_STANDARD

Environment Variables:
JAVA_HOME=D:\DevlopmentInstall\jdk1.8\
PATH=C:\ProgramData\Oracle\Java\javapath;C:\WINDOWS\system32;C:\WINDOWS;C:\WINDOWS\System32\Wbem;C:\WINDOWS\System32\WindowsPowerShell\v1.0\;D:\DevlopmentInstall\mysql5.6\bin;D:\DevlopmentInstall\jdk1.8\bin;C:\Program Files (x86)\Windows Kits\8.1\Windows Performance Toolkit\;C:\Program Files\Microsoft SQL Server\110\Tools\Binn\;D:\DevlopmentInstall\AndroidSDK\platform-tools;C:\Program Files (x86)\ATI Technologies\ATI.ACE\Core-Static;D:\masm32\bin
USERNAME=Administrator
OS=Windows_NT
PROCESSOR_IDENTIFIER=AMD64 Family 18 Model 1 Stepping 0, AuthenticAMD



---------------  S Y S T E M  ---------------

OS: Windows 8.1 , 64 bit Build 9600 

CPU:total 4 (4 cores per cpu, 1 threads per core) family 18 model 1 stepping 0, cmov, cx8, fxsr, mmx, sse, sse2, sse3, popcnt, mmxext, 3dnowpref, lzcnt, sse4a, tsc, tscinvbit, tscinv

Memory: 4k page, physical 7840348k(2702284k free), swap 8364636k(1152440k free)

vm_info: Java HotSpot(TM) 64-Bit Server VM (25.31-b07) for windows-amd64 JRE (1.8.0_31-b13), built on Dec 17 2014 21:00:28 by "java_re" with MS VC++ 10.0 (VS2010)

time: Mon Oct 05 21:30:51 2015
elapsed time: 0 seconds (0d 0h 0m 0s)

