#
# A fatal error has been detected by the Java Runtime Environment:
#
#  Internal Error (synchronizer.cpp:1430), pid=8212, tid=10812
#  guarantee(mid->header()->is_neutral()) failed: invariant
#
# JRE version: Java(TM) SE Runtime Environment (8.0_31-b13) (build 1.8.0_31-b13)
# Java VM: Java HotSpot(TM) 64-Bit Server VM (25.31-b07 mixed mode windows-amd64 compressed oops)
# Failed to write core dump. Minidumps are not enabled by default on client versions of Windows
#
# If you would like to submit a bug report, please visit:
#   http://bugreport.java.com/bugreport/crash.jsp
#

---------------  T H R E A D  ---------------

Current thread (0x0000000015145800):  VMThread [stack: 0x00000000161e0000,0x00000000162e0000] [id=10812]

Stack: [0x00000000161e0000,0x00000000162e0000]
Native frames: (J=compiled Java code, j=interpreted, Vv=VM code, C=native code)
V  [jvm.dll+0x3169ba]
V  [jvm.dll+0x2674c3]
V  [jvm.dll+0x268103]
V  [jvm.dll+0x25f807]
V  [jvm.dll+0x2232c2]
V  [jvm.dll+0x223874]
V  [jvm.dll+0x210a55]
V  [jvm.dll+0x212162]
V  [jvm.dll+0x232062]
V  [jvm.dll+0x23228e]
V  [jvm.dll+0x28576a]
C  [msvcr100.dll+0x21d9f]
C  [msvcr100.dll+0x21e3b]
C  [KERNEL32.DLL+0x12d92]
C  [ntdll.dll+0x9f64]

VM_Operation (0x000000000296ed70): ParallelGCFailedAllocation, mode: safepoint, requested by thread 0x00000000029b0800


---------------  P R O C E S S  ---------------

Java Threads: ( => current thread )
  0x0000000016836000 JavaThread "Service Thread" daemon [_thread_blocked, id=9764, stack(0x0000000016de0000,0x0000000016ee0000)]
  0x0000000016830000 JavaThread "C1 CompilerThread2" daemon [_thread_blocked, id=9444, stack(0x0000000016ce0000,0x0000000016de0000)]
  0x000000001682a000 JavaThread "C2 CompilerThread1" daemon [_thread_blocked, id=5548, stack(0x0000000016be0000,0x0000000016ce0000)]
  0x00000000151d7800 JavaThread "C2 CompilerThread0" daemon [_thread_blocked, id=10724, stack(0x00000000166e0000,0x00000000167e0000)]
  0x000000001518c800 JavaThread "Attach Listener" daemon [_thread_blocked, id=2572, stack(0x00000000165e0000,0x00000000166e0000)]
  0x000000001518b800 JavaThread "Signal Dispatcher" daemon [_thread_blocked, id=10320, stack(0x00000000164e0000,0x00000000165e0000)]
  0x0000000002a9f800 JavaThread "Finalizer" daemon [_thread_blocked, id=6828, stack(0x00000000163e0000,0x00000000164e0000)]
  0x0000000002a9c800 JavaThread "Reference Handler" daemon [_thread_blocked, id=10404, stack(0x00000000162e0000,0x00000000163e0000)]
  0x00000000029b0800 JavaThread "main" [_thread_blocked, id=10324, stack(0x0000000002870000,0x0000000002970000)]

Other Threads:
=>0x0000000015145800 VMThread [stack: 0x00000000161e0000,0x00000000162e0000] [id=10812]
  0x000000001683a800 WatcherThread [stack: 0x0000000016ee0000,0x0000000016fe0000] [id=10276]

VM state:at safepoint (normal execution)

VM Mutex/Monitor currently owned by a thread:  ([mutex/lock_event])
[0x00000000029acd90] Safepoint_lock - owner thread: 0x0000000015145800
[0x00000000029ac510] Threads_lock - owner thread: 0x0000000015145800
[0x00000000029ac010] Heap_lock - owner thread: 0x00000000029b0800

Heap:
 PSYoungGen      total 35840K, used 35828K [0x00000000eab00000, 0x00000000ef100000, 0x0000000100000000)
  eden space 30720K, 100% used [0x00000000eab00000,0x00000000ec900000,0x00000000ec900000)
  from space 5120K, 99% used [0x00000000ece00000,0x00000000ed2fd168,0x00000000ed300000)
  to   space 5120K, 0% used [0x00000000ec900000,0x00000000ec900000,0x00000000ece00000)
 ParOldGen       total 81920K, used 6023K [0x00000000c0000000, 0x00000000c5000000, 0x00000000eab00000)
  object space 81920K, 7% used [0x00000000c0000000,0x00000000c05e1ca8,0x00000000c5000000)
 Metaspace       used 7802K, capacity 8226K, committed 8576K, reserved 1056768K
  class space    used 750K, capacity 786K, committed 896K, reserved 1048576K

Card table byte_map: [0x0000000011e70000,0x0000000012080000] byte_map_base: 0x0000000011870000

Marking Bits: (ParMarkBitMap*) 0x00000000605ad4f0
 Begin Bits: [0x00000000125e0000, 0x00000000135e0000)
 End Bits:   [0x00000000135e0000, 0x00000000145e0000)

Polling page: 0x0000000000bc0000

CodeCache: size=245760Kb used=9465Kb max_used=9465Kb free=236294Kb
 bounds [0x0000000002ab0000, 0x0000000003400000, 0x0000000011ab0000]
 total_blobs=2820 nmethods=2533 adapters=201
 compilation: enabled

Compilation events (10 events):
Event: 7.388 Thread 0x0000000016830000 2556       1       com.android.dx.io.instructions.FillArrayDataPayloadDecodedInstruction::getSize (5 bytes)
Event: 7.388 Thread 0x0000000016830000 nmethod 2556 0x00000000033f4cd0 code [0x00000000033f4e20, 0x00000000033f4f30]
Event: 7.398 Thread 0x0000000016830000 2558       3       com.android.dx.io.instructions.FiveRegisterDecodedInstruction::withIndex (49 bytes)
Event: 7.399 Thread 0x0000000016830000 nmethod 2558 0x00000000033f4f90 code [0x00000000033f5100, 0x00000000033f56a8]
Event: 7.399 Thread 0x0000000016830000 2559       3       com.android.dx.io.instructions.FiveRegisterDecodedInstruction::getRegisterCount (2 bytes)
Event: 7.399 Thread 0x0000000016830000 nmethod 2559 0x00000000033f5790 code [0x00000000033f58e0, 0x00000000033f5a30]
Event: 7.400 Thread 0x0000000016830000 2561       3       com.android.dex.Dex$Section::readCatchHandler (82 bytes)
Event: 7.402 Thread 0x0000000016830000 nmethod 2561 0x00000000033f5ad0 code [0x00000000033f5cc0, 0x00000000033f66d8]
Event: 7.402 Thread 0x0000000016830000 2562       3       com.android.dx.merge.DexMerger::transformEncodedCatchHandler (105 bytes)
Event: 7.403 Thread 0x0000000016830000 nmethod 2562 0x00000000033f6b50 code [0x00000000033f6d40, 0x00000000033f75e8]

GC Heap History (4 events):
Event: 3.437 GC heap before
{Heap before GC invocations=1 (full 0):
 PSYoungGen      total 35840K, used 30720K [0x00000000eab00000, 0x00000000ed300000, 0x0000000100000000)
  eden space 30720K, 100% used [0x00000000eab00000,0x00000000ec900000,0x00000000ec900000)
  from space 5120K, 0% used [0x00000000ece00000,0x00000000ece00000,0x00000000ed300000)
  to   space 5120K, 0% used [0x00000000ec900000,0x00000000ec900000,0x00000000ece00000)
 ParOldGen       total 81920K, used 0K [0x00000000c0000000, 0x00000000c5000000, 0x00000000eab00000)
  object space 81920K, 0% used [0x00000000c0000000,0x00000000c0000000,0x00000000c5000000)
 Metaspace       used 5671K, capacity 6960K, committed 7040K, reserved 1056768K
  class space    used 553K, capacity 616K, committed 640K, reserved 1048576K
Event: 3.459 GC heap after
Heap after GC invocations=1 (full 0):
 PSYoungGen      total 35840K, used 5104K [0x00000000eab00000, 0x00000000ed300000, 0x0000000100000000)
  eden space 30720K, 0% used [0x00000000eab00000,0x00000000eab00000,0x00000000ec900000)
  from space 5120K, 99% used [0x00000000ec900000,0x00000000ecdfc068,0x00000000ece00000)
  to   space 5120K, 0% used [0x00000000ece00000,0x00000000ece00000,0x00000000ed300000)
 ParOldGen       total 81920K, used 2108K [0x00000000c0000000, 0x00000000c5000000, 0x00000000eab00000)
  object space 81920K, 2% used [0x00000000c0000000,0x00000000c020f340,0x00000000c5000000)
 Metaspace       used 5671K, capacity 6960K, committed 7040K, reserved 1056768K
  class space    used 553K, capacity 616K, committed 640K, reserved 1048576K
}
Event: 4.995 GC heap before
{Heap before GC invocations=2 (full 0):
 PSYoungGen      total 35840K, used 35678K [0x00000000eab00000, 0x00000000ed300000, 0x0000000100000000)
  eden space 30720K, 99% used [0x00000000eab00000,0x00000000ec8db978,0x00000000ec900000)
  from space 5120K, 99% used [0x00000000ec900000,0x00000000ecdfc068,0x00000000ece00000)
  to   space 5120K, 0% used [0x00000000ece00000,0x00000000ece00000,0x00000000ed300000)
 ParOldGen       total 81920K, used 2108K [0x00000000c0000000, 0x00000000c5000000, 0x00000000eab00000)
  object space 81920K, 2% used [0x00000000c0000000,0x00000000c020f340,0x00000000c5000000)
 Metaspace       used 5833K, capacity 7088K, committed 7296K, reserved 1056768K
  class space    used 555K, capacity 616K, committed 640K, reserved 1048576K
Event: 5.039 GC heap after
Heap after GC invocations=2 (full 0):
 PSYoungGen      total 35840K, used 5108K [0x00000000eab00000, 0x00000000ef100000, 0x0000000100000000)
  eden space 30720K, 0% used [0x00000000eab00000,0x00000000eab00000,0x00000000ec900000)
  from space 5120K, 99% used [0x00000000ece00000,0x00000000ed2fd168,0x00000000ed300000)
  to   space 5120K, 0% used [0x00000000ec900000,0x00000000ec900000,0x00000000ece00000)
 ParOldGen       total 81920K, used 6023K [0x00000000c0000000, 0x00000000c5000000, 0x00000000eab00000)
  object space 81920K, 7% used [0x00000000c0000000,0x00000000c05e1ca8,0x00000000c5000000)
 Metaspace       used 5833K, capacity 7088K, committed 7296K, reserved 1056768K
  class space    used 555K, capacity 616K, committed 640K, reserved 1048576K
}

Deoptimization events (10 events):
Event: 6.505 Thread 0x00000000029b0800 Uncommon trap: reason=predicate action=maybe_recompile pc=0x00000000032d57d0 method=com.android.dex.Leb128.writeUnsignedLeb128(Lcom/android/dex/util/ByteOutput;I)V @ 9
Event: 6.646 Thread 0x00000000029b0800 Uncommon trap: reason=unreached action=reinterpret pc=0x0000000002ff1248 method=java.util.HashMap.resize()[Ljava/util/HashMap$Node; @ 206
Event: 6.824 Thread 0x00000000029b0800 Uncommon trap: reason=class_check action=maybe_recompile pc=0x0000000002ee5bdc method=java.util.ArrayList.<init>(Ljava/util/Collection;)V @ 6
Event: 6.827 Thread 0x00000000029b0800 Uncommon trap: reason=unreached action=reinterpret pc=0x00000000033132d0 method=sun.misc.URLClassPath$JarLoader.getResource(Ljava/lang/String;Z)Lsun/misc/Resource; @ 47
Event: 6.873 Thread 0x00000000029b0800 Uncommon trap: reason=class_check action=maybe_recompile pc=0x0000000002ee5bdc method=java.util.ArrayList.<init>(Ljava/util/Collection;)V @ 6
Event: 6.951 Thread 0x00000000029b0800 Uncommon trap: reason=predicate action=maybe_recompile pc=0x0000000003331b0c method=com.android.dex.Leb128.readUnsignedLeb128(Lcom/android/dex/util/ByteInput;)I @ 41
Event: 6.995 Thread 0x00000000029b0800 Uncommon trap: reason=unreached action=reinterpret pc=0x00000000032aa2cc method=java.util.HashMap.putVal(ILjava/lang/Object;Ljava/lang/Object;ZZ)Ljava/lang/Object; @ 109
Event: 7.000 Thread 0x00000000029b0800 Uncommon trap: reason=unreached action=reinterpret pc=0x0000000003053c9c method=java.util.HashMap.getNode(ILjava/lang/Object;)Ljava/util/HashMap$Node; @ 84
Event: 7.053 Thread 0x00000000029b0800 Uncommon trap: reason=unreached action=reinterpret pc=0x0000000003049c38 method=java.util.HashMap.getNode(ILjava/lang/Object;)Ljava/util/HashMap$Node; @ 84
Event: 7.338 Thread 0x00000000029b0800 Uncommon trap: reason=unloaded action=reinterpret pc=0x00000000033d8a30 method=com.android.dx.io.instructions.InstructionCodec.decodeRegisterList(Lcom/android/dx/io/instructions/InstructionCodec;ILcom/android/dx/io/instructions/CodeInput;)Lcom/android/dx/i*±œM@

Internal exceptions (10 events):
Event: 6.830 Thread 0x00000000029b0800 Exception <a 'java/security/PrivilegedActionException'> (0x00000000eb8a6ba0) thrown at [C:\workspace\8-2-build-windows-amd64-cygwin\jdk8u31\2394\hotspot\src\share\vm\prims\jvm.cpp, line 1312]
Event: 6.830 Thread 0x00000000029b0800 Exception <a 'java/security/PrivilegedActionException'> (0x00000000eb8a7498) thrown at [C:\workspace\8-2-build-windows-amd64-cygwin\jdk8u31\2394\hotspot\src\share\vm\prims\jvm.cpp, line 1312]
Event: 6.832 Thread 0x00000000029b0800 Exception <a 'java/security/PrivilegedActionException'> (0x00000000eb8a93d0) thrown at [C:\workspace\8-2-build-windows-amd64-cygwin\jdk8u31\2394\hotspot\src\share\vm\prims\jvm.cpp, line 1312]
Event: 6.832 Thread 0x00000000029b0800 Exception <a 'java/security/PrivilegedActionException'> (0x00000000eb8a9cf0) thrown at [C:\workspace\8-2-build-windows-amd64-cygwin\jdk8u31\2394\hotspot\src\share\vm\prims\jvm.cpp, line 1312]
Event: 6.874 Thread 0x00000000029b0800 Exception <a 'java/security/PrivilegedActionException'> (0x00000000eb8bc3a0) thrown at [C:\workspace\8-2-build-windows-amd64-cygwin\jdk8u31\2394\hotspot\src\share\vm\prims\jvm.cpp, line 1312]
Event: 6.874 Thread 0x00000000029b0800 Exception <a 'java/security/PrivilegedActionException'> (0x00000000eb8bcc80) thrown at [C:\workspace\8-2-build-windows-amd64-cygwin\jdk8u31\2394\hotspot\src\share\vm\prims\jvm.cpp, line 1312]
Event: 6.876 Thread 0x00000000029b0800 Exception <a 'java/security/PrivilegedActionException'> (0x00000000eb8c6250) thrown at [C:\workspace\8-2-build-windows-amd64-cygwin\jdk8u31\2394\hotspot\src\share\vm\prims\jvm.cpp, line 1312]
Event: 6.876 Thread 0x00000000029b0800 Exception <a 'java/security/PrivilegedActionException'> (0x00000000eb8c6b70) thrown at [C:\workspace\8-2-build-windows-amd64-cygwin\jdk8u31\2394\hotspot\src\share\vm\prims\jvm.cpp, line 1312]
Event: 6.876 Thread 0x00000000029b0800 Exception <a 'java/security/PrivilegedActionException'> (0x00000000eb8c8438) thrown at [C:\workspace\8-2-build-windows-amd64-cygwin\jdk8u31\2394\hotspot\src\share\vm\prims\jvm.cpp, line 1312]
Event: 6.876 Thread 0x00000000029b0800 Exception <a 'java/security/PrivilegedActionException'> (0x00000000eb8c8d68) thrown at [C:\workspace\8-2-build-windows-amd64-cygwin\jdk8u31\2394\hotspot\src\share\vm\prims\jvm.cpp, line 1312]

Events (10 events):
Event: 7.000 Thread 0x00000000029b0800 DEOPT UNPACKING pc=0x0000000002af556a sp=0x000000000296f070 mode 2
Event: 7.053 Thread 0x00000000029b0800 Uncommon trap: trap_request=0xffffffad fr.pc=0x0000000003049c38
Event: 7.053 Thread 0x00000000029b0800 DEOPT PACKING pc=0x0000000003049c38 sp=0x000000000296f0e0
Event: 7.053 Thread 0x00000000029b0800 DEOPT UNPACKING pc=0x0000000002af556a sp=0x000000000296f058 mode 2
Event: 7.326 Thread 0x00000000029b0800 DEOPT PACKING pc=0x00000000033926e4 sp=0x000000000296ef80
Event: 7.326 Thread 0x00000000029b0800 DEOPT UNPACKING pc=0x0000000002af71bf sp=0x000000000296ec98 mode 0
Event: 7.338 Thread 0x00000000029b0800 Uncommon trap: trap_request=0x0000001d fr.pc=0x00000000033d8a30
Event: 7.338 Thread 0x00000000029b0800 DEOPT PACKING pc=0x00000000033d8a30 sp=0x000000000296eea0
Event: 7.339 Thread 0x00000000029b0800 DEOPT UNPACKING pc=0x0000000002af556a sp=0x000000000296ed38 mode 2
Event: 7.405 Executing VM operation: ParallelGCFailedAllocation


Dynamic libraries:
0x00007ff697110000 - 0x00007ff697144000 	D:\DevlopmentInstall\jdk1.8\bin\java.exe
0x00007ffb9e870000 - 0x00007ffb9ea31000 	C:\WINDOWS\SYSTEM32\ntdll.dll
0x00007ffb9c0f0000 - 0x00007ffb9c19d000 	C:\WINDOWS\system32\KERNEL32.DLL
0x00007ffb9bb70000 - 0x00007ffb9bd4d000 	C:\WINDOWS\system32\KERNELBASE.dll
0x00007ffb9ca10000 - 0x00007ffb9cab6000 	C:\WINDOWS\system32\ADVAPI32.dll
0x00007ffb9cc20000 - 0x00007ffb9ccbd000 	C:\WINDOWS\system32\msvcrt.dll
0x00007ffb9c9b0000 - 0x00007ffb9ca0b000 	C:\WINDOWS\system32\sechost.dll
0x00007ffb9e740000 - 0x00007ffb9e866000 	C:\WINDOWS\system32\RPCRT4.dll
0x00007ffb9e3c0000 - 0x00007ffb9e50e000 	C:\WINDOWS\system32\USER32.dll
0x00007ffb9c4a0000 - 0x00007ffb9c626000 	C:\WINDOWS\system32\GDI32.dll
0x00007ffb8b4e0000 - 0x00007ffb8b754000 	C:\WINDOWS\WinSxS\amd64_microsoft.windows.common-controls_6595b64144ccf1df_6.0.10240.16384_none_f41f7b285750ef43\COMCTL32.dll
0x00007ffb9c970000 - 0x00007ffb9c9a6000 	C:\WINDOWS\system32\IMM32.DLL
0x00007ffb9cac0000 - 0x00007ffb9cc1c000 	C:\WINDOWS\system32\MSCTF.dll
0x000000005f6b0000 - 0x000000005f782000 	D:\DevlopmentInstall\jdk1.8\jre\bin\msvcr100.dll
0x000000005fdd0000 - 0x000000006062a000 	D:\DevlopmentInstall\jdk1.8\jre\bin\server\jvm.dll
0x00007ffb9e340000 - 0x00007ffb9e348000 	C:\WINDOWS\system32\PSAPI.DLL
0x00007ffb90a70000 - 0x00007ffb90a79000 	C:\WINDOWS\SYSTEM32\WSOCK32.dll
0x00007ffb9c900000 - 0x00007ffb9c969000 	C:\WINDOWS\system32\WS2_32.dll
0x00007ffb9e350000 - 0x00007ffb9e358000 	C:\WINDOWS\system32\NSI.dll
0x00007ffb998d0000 - 0x00007ffb998f3000 	C:\WINDOWS\SYSTEM32\WINMM.dll
0x00007ffb998a0000 - 0x00007ffb998cc000 	C:\WINDOWS\SYSTEM32\WINMMBASE.dll
0x00007ffb9ba10000 - 0x00007ffb9ba54000 	C:\WINDOWS\system32\cfgmgr32.dll
0x00007ffb99bf0000 - 0x00007ffb99c17000 	C:\WINDOWS\SYSTEM32\DEVOBJ.dll
0x00000000608b0000 - 0x00000000608bf000 	D:\DevlopmentInstall\jdk1.8\jre\bin\verify.dll
0x0000000060880000 - 0x00000000608a8000 	D:\DevlopmentInstall\jdk1.8\jre\bin\java.dll
0x0000000060860000 - 0x0000000060876000 	D:\DevlopmentInstall\jdk1.8\jre\bin\zip.dll
0x00007ffb9ccc0000 - 0x00007ffb9e1e2000 	C:\WINDOWS\system32\SHELL32.dll
0x00007ffb9b3e0000 - 0x00007ffb9ba08000 	C:\WINDOWS\system32\windows.storage.dll
0x00007ffb9c1a0000 - 0x00007ffb9c41c000 	C:\WINDOWS\system32\combase.dll
0x00007ffb9e620000 - 0x00007ffb9e671000 	C:\WINDOWS\system32\shlwapi.dll
0x00007ffb9b2f0000 - 0x00007ffb9b2ff000 	C:\WINDOWS\system32\kernel.appcore.dll
0x00007ffb9b320000 - 0x00007ffb9b3d3000 	C:\WINDOWS\system32\shcore.dll
0x00007ffb9b2a0000 - 0x00007ffb9b2ea000 	C:\WINDOWS\system32\powrprof.dll
0x00007ffb9b280000 - 0x00007ffb9b293000 	C:\WINDOWS\system32\profapi.dll
0x00007ffb871e0000 - 0x00007ffb8736a000 	C:\WINDOWS\SYSTEM32\dbghelp.dll

VM Arguments:
jvm_args: -Xmx1024M -Dfile.encoding=GBK -Duser.country=CN -Duser.language=zh -Duser.variant 
java_command: com.android.dx.command.Main --dex --output D:\workspace\AndroidStudio\Shudu\somusic\build\intermediates\dex\debug D:\workspace\AndroidStudio\Shudu\somusic\build\intermediates\classes\debug D:\workspace\AndroidStudio\Shudu\somusic\build\intermediates\pre-dexed\debug\support-annotations-21.0.3-0f39ec9336852d2bf1b8628fd491252dc1ab37f0.jar D:\workspace\AndroidStudio\Shudu\somusic\build\intermediates\pre-dexed\debug\internal_impl-21.0.3-d8332ad0da4b8a3d1538c340a6f40f486a391485.jar D:\workspace\AndroidStudio\Shudu\somusic\build\intermediates\pre-dexed\debug\classes-f7d32e7f4e26defd8ea3fd36bc2e9e8cdb8a2248.jar D:\workspace\AndroidStudio\Shudu\somusic\build\intermediates\pre-dexed\debug\classes-49e400e3185bc0ac1520db5c89b1c0c5321e1079.jar
java_class_path (initial): D:\DevlopmentInstall\AndroidSDK\build-tools\21.1.1\lib\dx.jar
Launcher Type: SUN_STANDARD

Environment Variables:
JAVA_HOME=D:\DevlopmentInstall\jdk1.8\
PATH=C:\ProgramData\Oracle\Java\javapath;C:\WINDOWS\system32;C:\WINDOWS;C:\WINDOWS\System32\Wbem;C:\WINDOWS\System32\WindowsPowerShell\v1.0\;D:\DevlopmentInstall\mysql5.6\bin;D:\DevlopmentInstall\jdk1.8\bin;C:\Program Files (x86)\Windows Kits\8.1\Windows Performance Toolkit\;C:\Program Files\Microsoft SQL Server\110\Tools\Binn\;D:\DevlopmentInstall\AndroidSDK\platform-tools;C:\Program Files (x86)\ATI Technologies\ATI.ACE\Core-Static;D:\masm32\bin
USERNAME=Administrator
OS=Windows_NT
PROCESSOR_IDENTIFIER=AMD64 Family 18 Model 1 Stepping 0, AuthenticAMD



---------------  S Y S T E M  ---------------

OS: Windows 8.1 , 64 bit Build 9600 

CPU:total 4 (4 cores per cpu, 1 threads per core) family 18 model 1 stepping 0, cmov, cx8, fxsr, mmx, sse, sse2, sse3, popcnt, mmxext, 3dnowpref, lzcnt, sse4a, tsc, tscinvbit, tscinv

Memory: 4k page, physical 7840348k(3240200k free), swap 8364636k(1868740k free)

vm_info: Java HotSpot(TM) 64-Bit Server VM (25.31-b07) for windows-amd64 JRE (1.8.0_31-b13), built on Dec 17 2014 21:00:28 by "java_re" with MS VC++ 10.0 (VS2010)

time: Sun Oct 18 22:44:45 2015
elapsed time: 7 seconds (0d 0h 0m 7s)

